2019-02-03 17:40:52,555 DEBUG [Forwarding newSession on session null to remote] RequestAddCookies:123 - CookieSpec selected: default
2019-02-03 17:40:52,587 DEBUG [Forwarding newSession on session null to remote] RequestAuthCache:77 - Auth cache not set in the context
2019-02-03 17:40:52,590 DEBUG [Forwarding newSession on session null to remote] PoolingHttpClientConnectionManager:255 - Connection request: [route: {}->http://localhost:20035][total kept alive: 0; route allocated: 0 of 2000; total allocated: 0 of 2000]
2019-02-03 17:40:52,638 DEBUG [Forwarding newSession on session null to remote] PoolingHttpClientConnectionManager:288 - Connection leased: [id: 0][route: {}->http://localhost:20035][total kept alive: 0; route allocated: 1 of 2000; total allocated: 1 of 2000]
2019-02-03 17:40:52,639 DEBUG [Forwarding newSession on session null to remote] MainClientExec:235 - Opening connection {}->http://localhost:20035
2019-02-03 17:40:52,641 DEBUG [Forwarding newSession on session null to remote] DefaultHttpClientConnectionOperator:139 - Connecting to localhost/127.0.0.1:20035
2019-02-03 17:40:52,642 DEBUG [Forwarding newSession on session null to remote] DefaultHttpClientConnectionOperator:146 - Connection established 127.0.0.1:61005<->127.0.0.1:20035
2019-02-03 17:40:52,643 DEBUG [Forwarding newSession on session null to remote] DefaultManagedHttpClientConnection:88 - http-outgoing-0: set socket timeout to 10800000
2019-02-03 17:40:52,643 DEBUG [Forwarding newSession on session null to remote] MainClientExec:256 - Executing request POST /session HTTP/1.1
2019-02-03 17:40:52,643 DEBUG [Forwarding newSession on session null to remote] MainClientExec:261 - Target auth state: UNCHALLENGED
2019-02-03 17:40:52,645 DEBUG [Forwarding newSession on session null to remote] MainClientExec:267 - Proxy auth state: UNCHALLENGED
2019-02-03 17:40:52,647 DEBUG [Forwarding newSession on session null to remote] headers:133 - http-outgoing-0 >> POST /session HTTP/1.1
2019-02-03 17:40:52,648 DEBUG [Forwarding newSession on session null to remote] headers:136 - http-outgoing-0 >> Content-Type: application/json; charset=utf-8
2019-02-03 17:40:52,649 DEBUG [Forwarding newSession on session null to remote] headers:136 - http-outgoing-0 >> Content-Length: 335
2019-02-03 17:40:52,649 DEBUG [Forwarding newSession on session null to remote] headers:136 - http-outgoing-0 >> Host: localhost:20035
2019-02-03 17:40:52,650 DEBUG [Forwarding newSession on session null to remote] headers:136 - http-outgoing-0 >> Connection: Keep-Alive
2019-02-03 17:40:52,651 DEBUG [Forwarding newSession on session null to remote] headers:136 - http-outgoing-0 >> User-Agent: Apache-HttpClient/4.5.3 (Java/1.8.0_181)
2019-02-03 17:40:52,652 DEBUG [Forwarding newSession on session null to remote] headers:136 - http-outgoing-0 >> Accept-Encoding: gzip,deflate
2019-02-03 17:40:52,652 DEBUG [Forwarding newSession on session null to remote] wire:73 - http-outgoing-0 >> "POST /session HTTP/1.1[\r][\n]"
2019-02-03 17:40:52,652 DEBUG [Forwarding newSession on session null to remote] wire:73 - http-outgoing-0 >> "Content-Type: application/json; charset=utf-8[\r][\n]"
2019-02-03 17:40:52,653 DEBUG [Forwarding newSession on session null to remote] wire:73 - http-outgoing-0 >> "Content-Length: 335[\r][\n]"
2019-02-03 17:40:52,653 DEBUG [Forwarding newSession on session null to remote] wire:73 - http-outgoing-0 >> "Host: localhost:20035[\r][\n]"
2019-02-03 17:40:52,653 DEBUG [Forwarding newSession on session null to remote] wire:73 - http-outgoing-0 >> "Connection: Keep-Alive[\r][\n]"
2019-02-03 17:40:52,653 DEBUG [Forwarding newSession on session null to remote] wire:73 - http-outgoing-0 >> "User-Agent: Apache-HttpClient/4.5.3 (Java/1.8.0_181)[\r][\n]"
2019-02-03 17:40:52,654 DEBUG [Forwarding newSession on session null to remote] wire:73 - http-outgoing-0 >> "Accept-Encoding: gzip,deflate[\r][\n]"
2019-02-03 17:40:52,654 DEBUG [Forwarding newSession on session null to remote] wire:73 - http-outgoing-0 >> "[\r][\n]"
2019-02-03 17:40:52,654 DEBUG [Forwarding newSession on session null to remote] wire:73 - http-outgoing-0 >> "{[\n]"
2019-02-03 17:40:52,654 DEBUG [Forwarding newSession on session null to remote] wire:73 - http-outgoing-0 >> "  "desiredCapabilities": {"browserName":"chrome","goog:chromeOptions":{"args":[],"extensions":[]}},[\n]"
2019-02-03 17:40:52,655 DEBUG [Forwarding newSession on session null to remote] wire:73 - http-outgoing-0 >> "  "capabilities": {[\n]"
2019-02-03 17:40:52,655 DEBUG [Forwarding newSession on session null to remote] wire:73 - http-outgoing-0 >> "    "desiredCapabilities": {"browserName":"chrome","goog:chromeOptions":{"args":[],"extensions":[]}},[\n]"
2019-02-03 17:40:52,655 DEBUG [Forwarding newSession on session null to remote] wire:73 - http-outgoing-0 >> "    "firstMatch": [[\n]"
2019-02-03 17:40:52,655 DEBUG [Forwarding newSession on session null to remote] wire:73 - http-outgoing-0 >> "      {"browserName":"chrome","goog:chromeOptions":{"args":[],"extensions":[]}}[\n]"
2019-02-03 17:40:52,655 DEBUG [Forwarding newSession on session null to remote] wire:73 - http-outgoing-0 >> "    ][\n]"
2019-02-03 17:40:52,656 DEBUG [Forwarding newSession on session null to remote] wire:73 - http-outgoing-0 >> "  }[\n]"
2019-02-03 17:40:52,656 DEBUG [Forwarding newSession on session null to remote] wire:87 - http-outgoing-0 >> "}"
2019-02-03 17:40:57,428 DEBUG [Forwarding newSession on session null to remote] wire:73 - http-outgoing-0 << "HTTP/1.1 200 OK[\r][\n]"
2019-02-03 17:40:57,429 DEBUG [Forwarding newSession on session null to remote] wire:73 - http-outgoing-0 << "Content-Length:331[\r][\n]"
2019-02-03 17:40:57,429 DEBUG [Forwarding newSession on session null to remote] wire:73 - http-outgoing-0 << "Content-Type:application/json; charset=utf-8[\r][\n]"
2019-02-03 17:40:57,430 DEBUG [Forwarding newSession on session null to remote] wire:73 - http-outgoing-0 << "[\r][\n]"
2019-02-03 17:40:57,430 DEBUG [Forwarding newSession on session null to remote] wire:87 - http-outgoing-0 << "{"sessionId":"92303486a503baaed8a435b7a724c9ee","status":33,"value":{"message":"session not created exception\nfrom disconnected: received Inspector.detached event\n  (Session info: chrome=71.0.3578.98)\n  (Driver info: chromedriver=2.36.540470 (e522d04694c7ebea4ba8821272dbef4f9b818c91),platform=Windows NT 6.1.7601 SP1 x86_64)"}}"
2019-02-03 17:40:57,435 DEBUG [Forwarding newSession on session null to remote] headers:122 - http-outgoing-0 << HTTP/1.1 200 OK
2019-02-03 17:40:57,435 DEBUG [Forwarding newSession on session null to remote] headers:125 - http-outgoing-0 << Content-Length:331
2019-02-03 17:40:57,435 DEBUG [Forwarding newSession on session null to remote] headers:125 - http-outgoing-0 << Content-Type:application/json; charset=utf-8
2019-02-03 17:40:57,471 DEBUG [Forwarding newSession on session null to remote] MainClientExec:285 - Connection can be kept alive indefinitely
2019-02-03 17:40:57,521 DEBUG [Forwarding newSession on session null to remote] PoolingHttpClientConnectionManager:320 - Connection [id: 0][route: {}->http://localhost:20035] can be kept alive indefinitely
2019-02-03 17:40:57,521 DEBUG [Forwarding newSession on session null to remote] PoolingHttpClientConnectionManager:326 - Connection released: [id: 0][route: {}->http://localhost:20035][total kept alive: 1; route allocated: 1 of 2000; total allocated: 1 of 2000]
